[0901/091258:ERROR:process_info.cc(608)] range at 0xff36c000, size 0x230 fully unreadable
[0901/091258:ERROR:process_reader_win.cc(233)] ReadMemory at 0x7476e168 of 28 bytes failed: Only part of a ReadProcessMemory or WriteProcessMemory request was completed. (0x12B)
[0901/091258:WARNING:pe_image_reader.cc(135)] could not read data directory from C:\Windows\SYSTEM32\bcryptPrimitives.dll
[0901/091258:ERROR:process_reader_win.cc(233)] ReadMemory at 0x74780000 of 64 bytes failed: Only part of a ReadProcessMemory or WriteProcessMemory request was completed. (0x12B)
[0901/091258:WARNING:pe_image_reader.cc(281)] could not read dos header from C:\Windows\SYSTEM32\CRYPTBASE.dll
[0901/091258:ERROR:process_reader_win.cc(233)] ReadMemory at 0x76420000 of 64 bytes failed: Only part of a ReadProcessMemory or WriteProcessMemory request was completed. (0x12B)
[0901/091258:WARNING:pe_image_reader.cc(281)] could not read dos header from C:\Windows\SYSTEM32\SspiCli.dll
[0901/091258:ERROR:process_reader_win.cc(233)] ReadMemory at 0x76d20000 of 64 bytes failed: Only part of a ReadProcessMemory or WriteProcessMemory request was completed. (0x12B)
[0901/091258:WARNING:pe_image_reader.cc(281)] could not read dos header from C:\Windows\SYSTEM32\RPCRT4.dll
[0901/091258:ERROR:process_reader_win.cc(233)] ReadMemory at 0x74790000 of 64 bytes failed: Only part of a ReadProcessMemory or WriteProcessMemory request was completed. (0x12B)
[0901/091258:WARNING:pe_image_reader.cc(281)] could not read dos header from C:\Windows\SYSTEM32\sechost.dll
[0901/091258:ERROR:process_reader_win.cc(233)] ReadMemory at 0x76e30000 of 64 bytes failed: Only part of a ReadProcessMemory or WriteProcessMemory request was completed. (0x12B)
[0901/091258:WARNING:pe_image_reader.cc(281)] could not read dos header from C:\Windows\SYSTEM32\ADVAPI32.dll
[0901/091258:ERROR:process_reader_win.cc(233)] ReadMemory at 0x55a30000 of 64 bytes failed: Only part of a ReadProcessMemory or WriteProcessMemory request was completed. (0x12B)
[0901/091258:WARNING:pe_image_reader.cc(281)] could not read dos header from C:\Program Files (x86)\Google\Chrome\Application\52.0.2743.116\chrome_elf.dll
[0901/091258:ERROR:process_reader_win.cc(233)] ReadMemory at 0x742b0000 of 64 bytes failed: Only part of a ReadProcessMemory or WriteProcessMemory request was completed. (0x12B)
[0901/091258:WARNING:pe_image_reader.cc(281)] could not read dos header from C:\Windows\SYSTEM32\VERSION.dll
[0901/091258:ERROR:process_reader_win.cc(233)] ReadMemory at 0x76df0000 of 64 bytes failed: Only part of a ReadProcessMemory or WriteProcessMemory request was completed. (0x12B)
[0901/091258:WARNING:pe_image_reader.cc(281)] could not read dos header from C:\Windows\SYSTEM32\cfgmgr32.dll
[0901/091258:ERROR:process_reader_win.cc(233)] ReadMemory at 0x6e7c0000 of 64 bytes failed: Only part of a ReadProcessMemory or WriteProcessMemory request was completed. (0x12B)
[0901/091258:WARNING:pe_image_reader.cc(281)] could not read dos header from C:\Windows\SYSTEM32\DEVOBJ.dll
[0901/091258:ERROR:process_reader_win.cc(233)] ReadMemory at 0x6e8e0000 of 64 bytes failed: Only part of a ReadProcessMemory or WriteProcessMemory request was completed. (0x12B)
[0901/091258:WARNING:pe_image_reader.cc(281)] could not read dos header from C:\Windows\SYSTEM32\WINMMBASE.dll
[0901/091258:ERROR:process_reader_win.cc(233)] ReadMemory at 0x766f0000 of 64 bytes failed: Only part of a ReadProcessMemory or WriteProcessMemory request was completed. (0x12B)
[0901/091258:WARNING:pe_image_reader.cc(281)] could not read dos header from C:\Windows\SYSTEM32\GDI32.dll
[0901/091258:ERROR:process_reader_win.cc(233)] ReadMemory at 0x76100000 of 64 bytes failed: Only part of a ReadProcessMemory or WriteProcessMemory request was completed. (0x12B)
[0901/091258:WARNING:pe_image_reader.cc(281)] could not read dos header from C:\Windows\SYSTEM32\USER32.dll
[0901/091258:ERROR:process_reader_win.cc(233)] ReadMemory at 0x75e00000 of 64 bytes failed: Only part of a ReadProcessMemory or WriteProcessMemory request was completed. (0x12B)
[0901/091258:WARNING:pe_image_reader.cc(281)] could not read dos header from C:\Windows\SYSTEM32\MSCTF.dll
[0901/091258:ERROR:process_reader_win.cc(233)] ReadMemory at 0x76b30000 of 64 bytes failed: Only part of a ReadProcessMemory or WriteProcessMemory request was completed. (0x12B)
[0901/091258:WARNING:pe_image_reader.cc(281)] could not read dos header from C:\Windows\system32\IMM32.DLL
[0901/091258:ERROR:process_reader_win.cc(233)] ReadMemory at 0x6e920000 of 64 bytes failed: Only part of a ReadProcessMemory or WriteProcessMemory request was completed. (0x12B)
[0901/091258:WARNING:pe_image_reader.cc(281)] could not read dos header from C:\Windows\SYSTEM32\WINMM.dll
[0901/091258:ERROR:process_reader_win.cc(233)] ReadMemory at 0x73bb0000 of 64 bytes failed: Only part of a ReadProcessMemory or WriteProcessMemory request was completed. (0x12B)
[0901/091258:WARNING:pe_image_reader.cc(281)] could not read dos header from C:\Windows\SYSTEM32\profapi.dll
[0901/091258:ERROR:process_reader_win.cc(233)] ReadMemory at 0x73bd0000 of 64 bytes failed: Only part of a ReadProcessMemory or WriteProcessMemory request was completed. (0x12B)
[0901/091258:WARNING:pe_image_reader.cc(281)] could not read dos header from C:\Windows\SYSTEM32\USERENV.dll
[0901/091258:ERROR:process_reader_win.cc(233)] ReadMemory at 0x73970000 of 64 bytes failed: Only part of a ReadProcessMemory or WriteProcessMemory request was completed. (0x12B)
[0901/091258:WARNING:pe_image_reader.cc(281)] could not read dos header from C:\Windows\SYSTEM32\WTSAPI32.dll
[0901/091258:ERROR:process_reader_win.cc(233)] ReadMemory at 0x76ba0000 of 64 bytes failed: Only part of a ReadProcessMemory or WriteProcessMemory request was completed. (0x12B)
[0901/091258:WARNING:pe_image_reader.cc(281)] could not read dos header from C:\Windows\SYSTEM32\combase.dll
[0901/091258:ERROR:process_reader_win.cc(233)] ReadMemory at 0x73ed0000 of 64 bytes failed: Only part of a ReadProcessMemory or WriteProcessMemory request was completed. (0x12B)
[0901/091258:WARNING:pe_image_reader.cc(281)] could not read dos header from C:\Windows\SYSTEM32\WINHTTP.dll
[0901/091258:ERROR:process_reader_win.cc(233)] ReadMemory at 0x75c30000 of 64 bytes failed: Only part of a ReadProcessMemory or WriteProcessMemory request was completed. (0x12B)
[0901/091258:WARNING:pe_image_reader.cc(281)] could not read dos header from C:\Windows\SYSTEM32\SHLWAPI.dll
[0901/091258:ERROR:process_reader_win.cc(233)] ReadMemory at 0x747e0000 of 64 bytes failed: Only part of a ReadProcessMemory or WriteProcessMemory request was completed. (0x12B)
[0901/091258:WARNING:pe_image_reader.cc(281)] could not read dos header from C:\Windows\SYSTEM32\SHELL32.dll
[0901/091258:ERROR:process_reader_win.cc(233)] ReadMemory at 0x739f0000 of 64 bytes failed: Only part of a ReadProcessMemory or WriteProcessMemory request was completed. (0x12B)
[0901/091258:WARNING:pe_image_reader.cc(281)] could not read dos header from C:\Windows\SYSTEM32\shcore.dll
[0901/091258:ERROR:process_reader_win.cc(233)] ReadMemory at 0x76400000 of 64 bytes failed: Only part of a ReadProcessMemory or WriteProcessMemory request was completed. (0x12B)
[0901/091258:WARNING:pe_image_reader.cc(281)] could not read dos header from C:\Windows\SYSTEM32\PSAPI.DLL
[0901/091258:ERROR:process_reader_win.cc(233)] ReadMemory at 0x6ded0000 of 64 bytes failed: Only part of a ReadProcessMemory or WriteProcessMemory request was completed. (0x12B)
[0901/091258:WARNING:pe_image_reader.cc(281)] could not read dos header from C:\Windows\SYSTEM32\WINSPOOL.DRV
[0901/091258:ERROR:process_reader_win.cc(233)] ReadMemory at 0x71ad0000 of 64 bytes failed: Only part of a ReadProcessMemory or WriteProcessMemory request was completed. (0x12B)
[0901/091258:WARNING:pe_image_reader.cc(281)] could not read dos header from C:\Windows\WinSxS\x86_microsoft.windows.common-controls_6595b64144ccf1df_6.0.9600.18006_none_a9ec6aab013aafee\COMCTL32.dll
[0901/091258:ERROR:process_reader_win.cc(233)] ReadMemory at 0x75d60000 of 64 bytes failed: Only part of a ReadProcessMemory or WriteProcessMemory request was completed. (0x12B)
[0901/091258:WARNING:pe_image_reader.cc(281)] could not read dos header from C:\Windows\SYSTEM32\COMDLG32.dll
[0901/091258:ERROR:process_reader_win.cc(233)] ReadMemory at 0x75fd0000 of 64 bytes failed: Only part of a ReadProcessMemory or WriteProcessMemory request was completed. (0x12B)
[0901/091258:WARNING:pe_image_reader.cc(281)] could not read dos header from C:\Windows\SYSTEM32\ole32.dll
[0901/091258:ERROR:process_reader_win.cc(233)] ReadMemory at 0x76360000 of 64 bytes failed: Only part of a ReadProcessMemory or WriteProcessMemory request was completed. (0x12B)
[0901/091258:WARNING:pe_image_reader.cc(281)] could not read dos header from C:\Windows\SYSTEM32\OLEAUT32.dll
[0901/091258:ERROR:process_reader_win.cc(233)] ReadMemory at 0x75d50000 of 64 bytes failed: Only part of a ReadProcessMemory or WriteProcessMemory request was completed. (0x12B)
[0901/091258:WARNING:pe_image_reader.cc(281)] could not read dos header from C:\Windows\SYSTEM32\NSI.dll
[0901/091258:ERROR:process_reader_win.cc(233)] ReadMemory at 0x73bc0000 of 64 bytes failed: Only part of a ReadProcessMemory or WriteProcessMemory request was completed. (0x12B)
[0901/091258:WARNING:pe_image_reader.cc(281)] could not read dos header from C:\Windows\SYSTEM32\WINNSI.DLL
[0901/091258:ERROR:process_reader_win.cc(233)] ReadMemory at 0x73e30000 of 64 bytes failed: Only part of a ReadProcessMemory or WriteProcessMemory request was completed. (0x12B)
[0901/091258:WARNING:pe_image_reader.cc(281)] could not read dos header from C:\Windows\SYSTEM32\IPHLPAPI.DLL
[0901/091258:ERROR:process_reader_win.cc(233)] ReadMemory at 0x75f20000 of 64 bytes failed: Only part of a ReadProcessMemory or WriteProcessMemory request was completed. (0x12B)
[0901/091258:WARNING:pe_image_reader.cc(281)] could not read dos header from C:\Windows\SYSTEM32\WS2_32.dll
[0901/091258:ERROR:process_reader_win.cc(233)] ReadMemory at 0x6b930000 of 64 bytes failed: Only part of a ReadProcessMemory or WriteProcessMemory request was completed. (0x12B)
[0901/091258:WARNING:pe_image_reader.cc(281)] could not read dos header from C:\Windows\SYSTEM32\USP10.dll
[0901/091258:ERROR:process_reader_win.cc(233)] ReadMemory at 0x76350000 of 64 bytes failed: Only part of a ReadProcessMemory or WriteProcessMemory request was completed. (0x12B)
[0901/091258:WARNING:pe_image_reader.cc(281)] could not read dos header from C:\Windows\SYSTEM32\MSASN1.dll
[0901/091258:ERROR:process_reader_win.cc(233)] ReadMemory at 0x75aa0000 of 64 bytes failed: Only part of a ReadProcessMemory or WriteProcessMemory request was completed. (0x12B)
[0901/091258:WARNING:pe_image_reader.cc(281)] could not read dos header from C:\Windows\SYSTEM32\CRYPT32.dll
[0901/091258:ERROR:process_reader_win.cc(233)] ReadMemory at 0x76b60000 of 64 bytes failed: Only part of a ReadProcessMemory or WriteProcessMemory request was completed. (0x12B)
[0901/091258:WARNING:pe_image_reader.cc(281)] could not read dos header from C:\Windows\SYSTEM32\WINTRUST.dll
[0901/091258:ERROR:process_reader_win.cc(233)] ReadMemory at 0x72ba0000 of 64 bytes failed: Only part of a ReadProcessMemory or WriteProcessMemory request was completed. (0x12B)
[0901/091258:WARNING:pe_image_reader.cc(281)] could not read dos header from C:\Windows\SYSTEM32\Secur32.dll
[0901/091258:ERROR:process_reader_win.cc(233)] ReadMemory at 0x503e0000 of 64 bytes failed: Only part of a ReadProcessMemory or WriteProcessMemory request was completed. (0x12B)
[0901/091258:WARNING:pe_image_reader.cc(281)] could not read dos header from C:\Program Files (x86)\Google\Chrome\Application\52.0.2743.116\chrome_child.dll
[0901/091258:ERROR:process_reader_win.cc(233)] ReadMemory at 0x535a0000 of 64 bytes failed: Only part of a ReadProcessMemory or WriteProcessMemory request was completed. (0x12B)
[0901/091258:WARNING:pe_image_reader.cc(281)] could not read dos header from C:\Program Files\AVAST Software\Avast\aswJsFlt.dll
[0901/091258:ERROR:process_reader_win.cc(233)] ReadMemory at 0x744f0000 of 64 bytes failed: Only part of a ReadProcessMemory or WriteProcessMemory request was completed. (0x12B)
[0901/091258:WARNING:pe_image_reader.cc(281)] could not read dos header from C:\Windows\WinSxS\x86_avast.vc140.crt_fcc99ee6193ebbca_14.0.23918.0_none_9b756b1a36307bc0\api-ms-win-crt-runtime-l1-1-0.dll
[0901/091258:ERROR:process_reader_win.cc(233)] ReadMemory at 0x744e0000 of 64 bytes failed: Only part of a ReadProcessMemory or WriteProcessMemory request was completed. (0x12B)
[0901/091258:WARNING:pe_image_reader.cc(281)] could not read dos header from C:\Windows\WinSxS\x86_avast.vc140.crt_fcc99ee6193ebbca_14.0.23918.0_none_9b756b1a36307bc0\api-ms-win-crt-string-l1-1-0.dll
[0901/091258:ERROR:process_reader_win.cc(233)] ReadMemory at 0x744c0000 of 64 bytes failed: Only part of a ReadProcessMemory or WriteProcessMemory request was completed. (0x12B)
[0901/091258:WARNING:pe_image_reader.cc(281)] could not read dos header from C:\Windows\WinSxS\x86_avast.vc140.crt_fcc99ee6193ebbca_14.0.23918.0_none_9b756b1a36307bc0\api-ms-win-crt-heap-l1-1-0.dll
[0901/091258:ERROR:process_reader_win.cc(233)] ReadMemory at 0x744d0000 of 64 bytes failed: Only part of a ReadProcessMemory or WriteProcessMemory request was completed. (0x12B)
[0901/091258:WARNING:pe_image_reader.cc(281)] could not read dos header from C:\Windows\WinSxS\x86_avast.vc140.crt_fcc99ee6193ebbca_14.0.23918.0_none_9b756b1a36307bc0\api-ms-win-crt-stdio-l1-1-0.dll
[0901/091258:ERROR:process_reader_win.cc(233)] ReadMemory at 0x744b0000 of 64 bytes failed: Only part of a ReadProcessMemory or WriteProcessMemory request was completed. (0x12B)
[0901/091258:WARNING:pe_image_reader.cc(281)] could not read dos header from C:\Windows\WinSxS\x86_avast.vc140.crt_fcc99ee6193ebbca_14.0.23918.0_none_9b756b1a36307bc0\api-ms-win-crt-convert-l1-1-0.dll
[0901/091258:ERROR:process_reader_win.cc(233)] ReadMemory at 0x534b0000 of 64 bytes failed: Only part of a ReadProcessMemory or WriteProcessMemory request was completed. (0x12B)
[0901/091258:WARNING:pe_image_reader.cc(281)] could not read dos header from C:\Windows\SYSTEM32\ucrtbase.DLL
[0901/091258:ERROR:process_reader_win.cc(233)] ReadMemory at 0x74500000 of 64 bytes failed: Only part of a ReadProcessMemory or WriteProcessMemory request was completed. (0x12B)
[0901/091258:WARNING:pe_image_reader.cc(281)] could not read dos header from C:\Windows\WinSxS\x86_avast.vc140.crt_fcc99ee6193ebbca_14.0.23918.0_none_9b756b1a36307bc0\VCRUNTIME140.dll
[0901/091258:ERROR:process_reader_win.cc(233)] ReadMemory at 0x74430000 of 64 bytes failed: Only part of a ReadProcessMemory or WriteProcessMemory request was completed. (0x12B)
[0901/091258:WARNING:pe_image_reader.cc(281)] could not read dos header from C:\PROGRA~1\AVASTS~1\Avast\aswCmnIS.dll
[0901/091258:ERROR:process_reader_win.cc(233)] ReadMemory at 0x74490000 of 64 bytes failed: Only part of a ReadProcessMemory or WriteProcessMemory request was completed. (0x12B)
[0901/091258:WARNING:pe_image_reader.cc(281)] could not read dos header from C:\Windows\WinSxS\x86_avast.vc140.crt_fcc99ee6193ebbca_14.0.23918.0_none_9b756b1a36307bc0\api-ms-win-crt-locale-l1-1-0.dll
[0901/091258:ERROR:process_reader_win.cc(233)] ReadMemory at 0x744a0000 of 64 bytes failed: Only part of a ReadProcessMemory or WriteProcessMemory request was completed. (0x12B)
[0901/091258:WARNING:pe_image_reader.cc(281)] could not read dos header from C:\Windows\WinSxS\x86_avast.vc140.crt_fcc99ee6193ebbca_14.0.23918.0_none_9b756b1a36307bc0\api-ms-win-crt-math-l1-1-0.dll
[0901/091258:ERROR:process_reader_win.cc(233)] ReadMemory at 0x743e0000 of 64 bytes failed: Only part of a ReadProcessMemory or WriteProcessMemory request was completed. (0x12B)
[0901/091258:WARNING:pe_image_reader.cc(281)] could not read dos header from C:\Windows\WinSxS\x86_avast.vc140.crt_fcc99ee6193ebbca_14.0.23918.0_none_9b756b1a36307bc0\api-ms-win-crt-multibyte-l1-1-0.dll
[0901/091258:ERROR:process_reader_win.cc(233)] ReadMemory at 0x742d0000 of 64 bytes failed: Only part of a ReadProcessMemory or WriteProcessMemory request was completed. (0x12B)
[0901/091258:WARNING:pe_image_reader.cc(281)] could not read dos header from C:\Windows\WinSxS\x86_avast.vc140.crt_fcc99ee6193ebbca_14.0.23918.0_none_9b756b1a36307bc0\api-ms-win-crt-time-l1-1-0.dll
[0901/091258:ERROR:process_reader_win.cc(233)] ReadMemory at 0x743d0000 of 64 bytes failed: Only part of a ReadProcessMemory or WriteProcessMemory request was completed. (0x12B)
[0901/091258:WARNING:pe_image_reader.cc(281)] could not read dos header from C:\Windows\WinSxS\x86_avast.vc140.crt_fcc99ee6193ebbca_14.0.23918.0_none_9b756b1a36307bc0\api-ms-win-crt-filesystem-l1-1-0.dll
[0901/091258:ERROR:process_reader_win.cc(233)] ReadMemory at 0x742c0000 of 64 bytes failed: Only part of a ReadProcessMemory or WriteProcessMemory request was completed. (0x12B)
[0901/091258:WARNING:pe_image_reader.cc(281)] could not read dos header from C:\Windows\WinSxS\x86_avast.vc140.crt_fcc99ee6193ebbca_14.0.23918.0_none_9b756b1a36307bc0\api-ms-win-crt-environment-l1-1-0.dll
[0901/091258:ERROR:process_reader_win.cc(233)] ReadMemory at 0x743f0000 of 64 bytes failed: Only part of a ReadProcessMemory or WriteProcessMemory request was completed. (0x12B)
[0901/091258:WARNING:pe_image_reader.cc(281)] could not read dos header from C:\Windows\WinSxS\x86_avast.vc140.crt_fcc99ee6193ebbca_14.0.23918.0_none_9b756b1a36307bc0\api-ms-win-crt-utility-l1-1-0.dll
[0901/091258:ERROR:process_reader_win.cc(233)] ReadMemory at 0x74520000 of 64 bytes failed: Only part of a ReadProcessMemory or WriteProcessMemory request was completed. (0x12B)
[0901/091258:WARNING:pe_image_reader.cc(281)] could not read dos header from C:\Windows\WinSxS\x86_avast.vc140.crt_fcc99ee6193ebbca_14.0.23918.0_none_9b756b1a36307bc0\MSVCP140.dll
[0901/091258:ERROR:process_reader_win.cc(233)] ReadMemory at 0x74400000 of 64 bytes failed: Only part of a ReadProcessMemory or WriteProcessMemory request was completed. (0x12B)
[0901/091258:WARNING:pe_image_reader.cc(281)] could not read dos header from C:\PROGRA~1\AVASTS~1\Avast\aswCmnOS.dll
[0901/091258:ERROR:process_reader_win.cc(233)] ReadMemory at 0x746c0000 of 64 bytes failed: Only part of a ReadProcessMemory or WriteProcessMemory request was completed. (0x12B)
[0901/091258:WARNING:pe_image_reader.cc(281)] could not read dos header from C:\PROGRA~1\AVASTS~1\Avast\aswCmnBS.dll
[0901/091258:ERROR:process_reader_win.cc(233)] ReadMemory at 0x72dc0000 of 64 bytes failed: Only part of a ReadProcessMemory or WriteProcessMemory request was completed. (0x12B)
[0901/091258:WARNING:pe_image_reader.cc(281)] could not read dos header from C:\Windows\SYSTEM32\netutils.dll
[0901/091258:ERROR:process_reader_win.cc(233)] ReadMemory at 0x72da0000 of 64 bytes failed: Only part of a ReadProcessMemory or WriteProcessMemory request was completed. (0x12B)
[0901/091258:WARNING:pe_image_reader.cc(281)] could not read dos header from C:\Windows\SYSTEM32\srvcli.dll
[0901/091258:ERROR:process_reader_win.cc(233)] ReadMemory at 0x72d80000 of 64 bytes failed: Only part of a ReadProcessMemory or WriteProcessMemory request was completed. (0x12B)
[0901/091258:WARNING:pe_image_reader.cc(281)] could not read dos header from C:\Windows\SYSTEM32\wkscli.dll
[0901/091258:ERROR:process_reader_win.cc(233)] ReadMemory at 0x72eb0000 of 64 bytes failed: Only part of a ReadProcessMemory or WriteProcessMemory request was completed. (0x12B)
[0901/091258:WARNING:pe_image_reader.cc(281)] could not read dos header from C:\Windows\SYSTEM32\NETAPI32.dll
[0901/091258:ERROR:process_reader_win.cc(233)] ReadMemory at 0x746a0000 of 64 bytes failed: Only part of a ReadProcessMemory or WriteProcessMemory request was completed. (0x12B)
[0901/091258:WARNING:pe_image_reader.cc(281)] could not read dos header from C:\PROGRA~1\AVASTS~1\Avast\log.dll
[0901/091258:ERROR:process_reader_win.cc(233)] ReadMemory at 0x73e50000 of 64 bytes failed: Only part of a ReadProcessMemory or WriteProcessMemory request was completed. (0x12B)
[0901/091258:WARNING:pe_image_reader.cc(281)] could not read dos header from C:\Windows\SYSTEM32\DNSAPI.dll
[0901/091258:ERROR:process_reader_win.cc(233)] ReadMemory at 0x74320000 of 64 bytes failed: Only part of a ReadProcessMemory or WriteProcessMemory request was completed. (0x12B)
[0901/091258:WARNING:pe_image_reader.cc(281)] could not read dos header from C:\PROGRA~1\AVASTS~1\Avast\commchannel.dll
[0901/091258:ERROR:process_reader_win.cc(233)] ReadMemory at 0x73550000 of 64 bytes failed: Only part of a ReadProcessMemory or WriteProcessMemory request was completed. (0x12B)
[0901/091258:WARNING:pe_image_reader.cc(281)] could not read dos header from C:\PROGRA~1\AVASTS~1\Avast\JsonRpcServer.dll
[0901/091258:ERROR:process_reader_win.cc(233)] ReadMemory at 0x74300000 of 64 bytes failed: Only part of a ReadProcessMemory or WriteProcessMemory request was completed. (0x12B)
[0901/091258:WARNING:pe_image_reader.cc(281)] could not read dos header from C:\PROGRA~1\AVASTS~1\Avast\avastIP.dll
[0901/091258:ERROR:process_reader_win.cc(233)] ReadMemory at 0x742e0000 of 64 bytes failed: Only part of a ReadProcessMemory or WriteProcessMemory request was completed. (0x12B)
[0901/091258:WARNING:pe_image_reader.cc(281)] could not read dos header from C:\PROGRA~1\AVASTS~1\Avast\aswEngLdr.dll
[0901/091258:ERROR:process_reader_win.cc(233)] ReadMemory at 0x72e60000 of 64 bytes failed: Only part of a ReadProcessMemory or WriteProcessMemory request was completed. (0x12B)
[0901/091258:WARNING:pe_image_reader.cc(281)] could not read dos header from C:\PROGRA~1\AVASTS~1\Avast\AavmRpch.dll
[0901/091258:ERROR:process_reader_win.cc(233)] ReadMemory at 0x743c0000 of 64 bytes failed: Only part of a ReadProcessMemory or WriteProcessMemory request was completed. (0x12B)
[0901/091258:WARNING:pe_image_reader.cc(281)] could not read dos header from C:\Windows\SYSTEM32\WSOCK32.dll
[0901/091258:ERROR:process_reader_win.cc(233)] ReadMemory at 0x76970000 of 64 bytes failed: Only part of a ReadProcessMemory or WriteProcessMemory request was completed. (0x12B)
[0901/091258:WARNING:pe_image_reader.cc(281)] could not read dos header from C:\Windows\SYSTEM32\SETUPAPI.dll
[0901/091258:ERROR:process_reader_win.cc(233)] ReadMemory at 0x73bf0000 of 64 bytes failed: Only part of a ReadProcessMemory or WriteProcessMemory request was completed. (0x12B)
[0901/091258:WARNING:pe_image_reader.cc(281)] could not read dos header from C:\Windows\SYSTEM32\iertutil.dll
[0901/091258:ERROR:process_reader_win.cc(233)] ReadMemory at 0x74060000 of 64 bytes failed: Only part of a ReadProcessMemory or WriteProcessMemory request was completed. (0x12B)
[0901/091258:WARNING:pe_image_reader.cc(281)] could not read dos header from C:\Windows\SYSTEM32\WININET.dll
[0901/091258:ERROR:process_reader_win.cc(233)] ReadMemory at 0x74590000 of 64 bytes failed: Only part of a ReadProcessMemory or WriteProcessMemory request was completed. (0x12B)
[0901/091258:WARNING:pe_image_reader.cc(281)] could not read dos header from C:\PROGRA~1\AVASTS~1\Avast\ashBase.dll
[0901/091258:ERROR:process_reader_win.cc(233)] ReadMemory at 0x72ed0000 of 64 bytes failed: Only part of a ReadProcessMemory or WriteProcessMemory request was completed. (0x12B)
[0901/091258:WARNING:pe_image_reader.cc(281)] could not read dos header from C:\PROGRA~1\AVASTS~1\Avast\aswAux.dll
[0901/091258:ERROR:process_reader_win.cc(233)] ReadMemory at 0x73050000 of 64 bytes failed: Only part of a ReadProcessMemory or WriteProcessMemory request was completed. (0x12B)
[0901/091258:WARNING:pe_image_reader.cc(281)] could not read dos header from C:\PROGRA~1\AVASTS~1\Avast\ashTask.dll
[0901/091258:ERROR:process_reader_win.cc(233)] ReadMemory at 0x73170000 of 64 bytes failed: Only part of a ReadProcessMemory or WriteProcessMemory request was completed. (0x12B)
[0901/091258:WARNING:pe_image_reader.cc(281)] could not read dos header from C:\PROGRA~1\AVASTS~1\Avast\Aavm4h.dll
[0901/091258:ERROR:process_reader_win.cc(233)] ReadMemory at 0x6c750000 of 64 bytes failed: Only part of a ReadProcessMemory or WriteProcessMemory request was completed. (0x12B)
[0901/091258:WARNING:pe_image_reader.cc(281)] could not read dos header from C:\Windows\SYSTEM32\dwrite.dll
[0901/091258:ERROR:process_reader_win.cc(233)] ReadMemory at 0x770a1860 of 5888 bytes failed: Only part of a ReadProcessMemory or WriteProcessMemory request was completed. (0x12B)
[0901/091258:ERROR:process_reader_win.cc(233)] ReadMemory at 0x10b0000 of 64 bytes failed: Only part of a ReadProcessMemory or WriteProcessMemory request was completed. (0x12B)
[0901/091258:WARNING:pe_image_reader.cc(281)] could not read dos header from C:\Program Files (x86)\Google\Chrome\Application\chrome.exe
[0901/091258:ERROR:process_reader_win.cc(233)] ReadMemory at 0x76fa0000 of 64 bytes failed: Only part of a ReadProcessMemory or WriteProcessMemory request was completed. (0x12B)
[0901/091258:WARNING:pe_image_reader.cc(281)] could not read dos header from C:\Windows\SYSTEM32\ntdll.dll
[0901/091258:ERROR:process_reader_win.cc(233)] ReadMemory at 0x76890000 of 64 bytes failed: Only part of a ReadProcessMemory or WriteProcessMemory request was completed. (0x12B)
[0901/091258:WARNING:pe_image_reader.cc(281)] could not read dos header from C:\Windows\SYSTEM32\KERNELBASE.dll
[0901/091258:ERROR:process_reader_win.cc(233)] ReadMemory at 0x765b0000 of 64 bytes failed: Only part of a ReadProcessMemory or WriteProcessMemory request was completed. (0x12B)
[0901/091258:WARNING:pe_image_reader.cc(281)] could not read dos header from C:\Windows\SYSTEM32\KERNEL32.dll
[0901/091258:ERROR:process_reader_win.cc(233)] ReadMemory at 0x75c80000 of 64 bytes failed: Only part of a ReadProcessMemory or WriteProcessMemory request was completed. (0x12B)
[0901/091258:WARNING:pe_image_reader.cc(281)] could not read dos header from C:\Windows\SYSTEM32\msvcrt.dll
[0901/091258:ERROR:process_reader_win.cc(233)] ReadMemory at 0x74720000 of 64 bytes failed: Only part of a ReadProcessMemory or WriteProcessMemory request was completed. (0x12B)
[0901/091258:WARNING:pe_image_reader.cc(281)] could not read dos header from C:\Windows\SYSTEM32\bcryptPrimitives.dll
[0901/091258:ERROR:process_reader_win.cc(233)] ReadMemory at 0x74780000 of 64 bytes failed: Only part of a ReadProcessMemory or WriteProcessMemory request was completed. (0x12B)
[0901/091258:WARNING:pe_image_reader.cc(281)] could not read dos header from C:\Windows\SYSTEM32\CRYPTBASE.dll
[0901/091258:ERROR:process_reader_win.cc(233)] ReadMemory at 0x76420000 of 64 bytes failed: Only part of a ReadProcessMemory or WriteProcessMemory request was completed. (0x12B)
[0901/091258:WARNING:pe_image_reader.cc(281)] could not read dos header from C:\Windows\SYSTEM32\SspiCli.dll
[0901/091258:ERROR:process_reader_win.cc(233)] ReadMemory at 0x76d20000 of 64 bytes failed: Only part of a ReadProcessMemory or WriteProcessMemory request was completed. (0x12B)
[0901/091258:WARNING:pe_image_reader.cc(281)] could not read dos header from C:\Windows\SYSTEM32\RPCRT4.dll
[0901/091258:ERROR:process_reader_win.cc(233)] ReadMemory at 0x74790000 of 64 bytes failed: Only part of a ReadProcessMemory or WriteProcessMemory request was completed. (0x12B)
[0901/091258:WARNING:pe_image_reader.cc(281)] could not read dos header from C:\Windows\SYSTEM32\sechost.dll
[0901/091258:ERROR:process_reader_win.cc(233)] ReadMemory at 0x76e30000 of 64 bytes failed: Only part of a ReadProcessMemory or WriteProcessMemory request was completed. (0x12B)
[0901/091258:WARNING:pe_image_reader.cc(281)] could not read dos header from C:\Windows\SYSTEM32\ADVAPI32.dll
[0901/091258:ERROR:process_reader_win.cc(233)] ReadMemory at 0x55a30000 of 64 bytes failed: Only part of a ReadProcessMemory or WriteProcessMemory request was completed. (0x12B)
[0901/091258:WARNING:pe_image_reader.cc(281)] could not read dos header from C:\Program Files (x86)\Google\Chrome\Application\52.0.2743.116\chrome_elf.dll
[0901/091258:ERROR:process_reader_win.cc(233)] ReadMemory at 0x742b0000 of 64 bytes failed: Only part of a ReadProcessMemory or WriteProcessMemory request was completed. (0x12B)
[0901/091258:WARNING:pe_image_reader.cc(281)] could not read dos header from C:\Windows\SYSTEM32\VERSION.dll
[0901/091258:ERROR:process_reader_win.cc(233)] ReadMemory at 0x76df0000 of 64 bytes failed: Only part of a ReadProcessMemory or WriteProcessMemory request was completed. (0x12B)
[0901/091258:WARNING:pe_image_reader.cc(281)] could not read dos header from C:\Windows\SYSTEM32\cfgmgr32.dll
[0901/091258:ERROR:process_reader_win.cc(233)] ReadMemory at 0x6e7c0000 of 64 bytes failed: Only part of a ReadProcessMemory or WriteProcessMemory request was completed. (0x12B)
[0901/091258:WARNING:pe_image_reader.cc(281)] could not read dos header from C:\Windows\SYSTEM32\DEVOBJ.dll
[0901/091258:ERROR:process_reader_win.cc(233)] ReadMemory at 0x6e8e0000 of 64 bytes failed: Only part of a ReadProcessMemory or WriteProcessMemory request was completed. (0x12B)
[0901/091258:WARNING:pe_image_reader.cc(281)] could not read dos header from C:\Windows\SYSTEM32\WINMMBASE.dll
[0901/091258:ERROR:process_reader_win.cc(233)] ReadMemory at 0x766f0000 of 64 bytes failed: Only part of a ReadProcessMemory or WriteProcessMemory request was completed. (0x12B)
[0901/091258:WARNING:pe_image_reader.cc(281)] could not read dos header from C:\Windows\SYSTEM32\GDI32.dll
[0901/091258:ERROR:process_reader_win.cc(233)] ReadMemory at 0x76100000 of 64 bytes failed: Only part of a ReadProcessMemory or WriteProcessMemory request was completed. (0x12B)
[0901/091258:WARNING:pe_image_reader.cc(281)] could not read dos header from C:\Windows\SYSTEM32\USER32.dll
[0901/091258:ERROR:process_reader_win.cc(233)] ReadMemory at 0x75e00000 of 64 bytes failed: Only part of a ReadProcessMemory or WriteProcessMemory request was completed. (0x12B)
[0901/091258:WARNING:pe_image_reader.cc(281)] could not read dos header from C:\Windows\SYSTEM32\MSCTF.dll
[0901/091258:ERROR:process_reader_win.cc(233)] ReadMemory at 0x76b30000 of 64 bytes failed: Only part of a ReadProcessMemory or WriteProcessMemory request was completed. (0x12B)
[0901/091258:WARNING:pe_image_reader.cc(281)] could not read dos header from C:\Windows\system32\IMM32.DLL
[0901/091258:ERROR:process_reader_win.cc(233)] ReadMemory at 0x6e920000 of 64 bytes failed: Only part of a ReadProcessMemory or WriteProcessMemory request was completed. (0x12B)
[0901/091258:WARNING:pe_image_reader.cc(281)] could not read dos header from C:\Windows\SYSTEM32\WINMM.dll
[0901/091258:ERROR:process_reader_win.cc(233)] ReadMemory at 0x73bb0000 of 64 bytes failed: Only part of a ReadProcessMemory or WriteProcessMemory request was completed. (0x12B)
[0901/091258:WARNING:pe_image_reader.cc(281)] could not read dos header from C:\Windows\SYSTEM32\profapi.dll
[0901/091258:ERROR:process_reader_win.cc(233)] ReadMemory at 0x73bd0000 of 64 bytes failed: Only part of a ReadProcessMemory or WriteProcessMemory request was completed. (0x12B)
[0901/091258:WARNING:pe_image_reader.cc(281)] could not read dos header from C:\Windows\SYSTEM32\USERENV.dll
[0901/091258:ERROR:process_reader_win.cc(233)] ReadMemory at 0x73970000 of 64 bytes failed: Only part of a ReadProcessMemory or WriteProcessMemory request was completed. (0x12B)
[0901/091258:WARNING:pe_image_reader.cc(281)] could not read dos header from C:\Windows\SYSTEM32\WTSAPI32.dll
[0901/091258:ERROR:process_reader_win.cc(233)] ReadMemory at 0x76ba0000 of 64 bytes failed: Only part of a ReadProcessMemory or WriteProcessMemory request was completed. (0x12B)
[0901/091258:WARNING:pe_image_reader.cc(281)] could not read dos header from C:\Windows\SYSTEM32\combase.dll
[0901/091258:ERROR:process_reader_win.cc(233)] ReadMemory at 0x73ed0000 of 64 bytes failed: Only part of a ReadProcessMemory or WriteProcessMemory request was completed. (0x12B)
[0901/091258:WARNING:pe_image_reader.cc(281)] could not read dos header from C:\Windows\SYSTEM32\WINHTTP.dll
[0901/091258:ERROR:process_reader_win.cc(233)] ReadMemory at 0x75c30000 of 64 bytes failed: Only part of a ReadProcessMemory or WriteProcessMemory request was completed. (0x12B)
[0901/091258:WARNING:pe_image_reader.cc(281)] could not read dos header from C:\Windows\SYSTEM32\SHLWAPI.dll
[0901/091258:ERROR:process_reader_win.cc(233)] ReadMemory at 0x747e0000 of 64 bytes failed: Only part of a ReadProcessMemory or WriteProcessMemory request was completed. (0x12B)
[0901/091258:WARNING:pe_image_reader.cc(281)] could not read dos header from C:\Windows\SYSTEM32\SHELL32.dll
[0901/091258:ERROR:process_reader_win.cc(233)] ReadMemory at 0x739f0000 of 64 bytes failed: Only part of a ReadProcessMemory or WriteProcessMemory request was completed. (0x12B)
[0901/091258:WARNING:pe_image_reader.cc(281)] could not read dos header from C:\Windows\SYSTEM32\shcore.dll
[0901/091258:ERROR:process_reader_win.cc(233)] ReadMemory at 0x76400000 of 64 bytes failed: Only part of a ReadProcessMemory or WriteProcessMemory request was completed. (0x12B)
[0901/091258:WARNING:pe_image_reader.cc(281)] could not read dos header from C:\Windows\SYSTEM32\PSAPI.DLL
[0901/091258:ERROR:process_reader_win.cc(233)] ReadMemory at 0x6ded0000 of 64 bytes failed: Only part of a ReadProcessMemory or WriteProcessMemory request was completed. (0x12B)
[0901/091258:WARNING:pe_image_reader.cc(281)] could not read dos header from C:\Windows\SYSTEM32\WINSPOOL.DRV
[0901/091258:ERROR:process_reader_win.cc(233)] ReadMemory at 0x71ad0000 of 64 bytes failed: Only part of a ReadProcessMemory or WriteProcessMemory request was completed. (0x12B)
[0901/091258:WARNING:pe_image_reader.cc(281)] could not read dos header from C:\Windows\WinSxS\x86_microsoft.windows.common-controls_6595b64144ccf1df_6.0.9600.18006_none_a9ec6aab013aafee\COMCTL32.dll
[0901/091258:ERROR:process_reader_win.cc(233)] ReadMemory at 0x75d60000 of 64 bytes failed: Only part of a ReadProcessMemory or WriteProcessMemory request was completed. (0x12B)
[0901/091258:WARNING:pe_image_reader.cc(281)] could not read dos header from C:\Windows\SYSTEM32\COMDLG32.dll
[0901/091258:ERROR:process_reader_win.cc(233)] ReadMemory at 0x75fd0000 of 64 bytes failed: Only part of a ReadProcessMemory or WriteProcessMemory request was completed. (0x12B)
[0901/091258:WARNING:pe_image_reader.cc(281)] could not read dos header from C:\Windows\SYSTEM32\ole32.dll
[0901/091258:ERROR:process_reader_win.cc(233)] ReadMemory at 0x76360000 of 64 bytes failed: Only part of a ReadProcessMemory or WriteProcessMemory request was completed. (0x12B)
[0901/091258:WARNING:pe_image_reader.cc(281)] could not read dos header from C:\Windows\SYSTEM32\OLEAUT32.dll
[0901/091258:ERROR:process_reader_win.cc(233)] ReadMemory at 0x75d50000 of 64 bytes failed: Only part of a ReadProcessMemory or WriteProcessMemory request was completed. (0x12B)
[0901/091258:WARNING:pe_image_reader.cc(281)] could not read dos header from C:\Windows\SYSTEM32\NSI.dll
[0901/091258:ERROR:process_reader_win.cc(233)] ReadMemory at 0x73bc0000 of 64 bytes failed: Only part of a ReadProcessMemory or WriteProcessMemory request was completed. (0x12B)
[0901/091258:WARNING:pe_image_reader.cc(281)] could not read dos header from C:\Windows\SYSTEM32\WINNSI.DLL
[0901/091258:ERROR:process_reader_win.cc(233)] ReadMemory at 0x73e30000 of 64 bytes failed: Only part of a ReadProcessMemory or WriteProcessMemory request was completed. (0x12B)
[0901/091258:WARNING:pe_image_reader.cc(281)] could not read dos header from C:\Windows\SYSTEM32\IPHLPAPI.DLL
[0901/091258:ERROR:process_reader_win.cc(233)] ReadMemory at 0x75f20000 of 64 bytes failed: Only part of a ReadProcessMemory or WriteProcessMemory request was completed. (0x12B)
[0901/091258:WARNING:pe_image_reader.cc(281)] could not read dos header from C:\Windows\SYSTEM32\WS2_32.dll
[0901/091258:ERROR:process_reader_win.cc(233)] ReadMemory at 0x6b930000 of 64 bytes failed: Only part of a ReadProcessMemory or WriteProcessMemory request was completed. (0x12B)
[0901/091258:WARNING:pe_image_reader.cc(281)] could not read dos header from C:\Windows\SYSTEM32\USP10.dll
[0901/091258:ERROR:process_reader_win.cc(233)] ReadMemory at 0x76350000 of 64 bytes failed: Only part of a ReadProcessMemory or WriteProcessMemory request was completed. (0x12B)
[0901/091258:WARNING:pe_image_reader.cc(281)] could not read dos header from C:\Windows\SYSTEM32\MSASN1.dll
[0901/091258:ERROR:process_reader_win.cc(233)] ReadMemory at 0x75aa0000 of 64 bytes failed: Only part of a ReadProcessMemory or WriteProcessMemory request was completed. (0x12B)
[0901/091258:WARNING:pe_image_reader.cc(281)] could not read dos header from C:\Windows\SYSTEM32\CRYPT32.dll
[0901/091258:ERROR:process_reader_win.cc(233)] ReadMemory at 0x76b60000 of 64 bytes failed: Only part of a ReadProcessMemory or WriteProcessMemory request was completed. (0x12B)
[0901/091258:WARNING:pe_image_reader.cc(281)] could not read dos header from C:\Windows\SYSTEM32\WINTRUST.dll
[0901/091258:ERROR:process_reader_win.cc(233)] ReadMemory at 0x72ba0000 of 64 bytes failed: Only part of a ReadProcessMemory or WriteProcessMemory request was completed. (0x12B)
[0901/091258:WARNING:pe_image_reader.cc(281)] could not read dos header from C:\Windows\SYSTEM32\Secur32.dll
[0901/091258:ERROR:process_reader_win.cc(233)] ReadMemory at 0x503e0000 of 64 bytes failed: Only part of a ReadProcessMemory or WriteProcessMemory request was completed. (0x12B)
[0901/091258:WARNING:pe_image_reader.cc(281)] could not read dos header from C:\Program Files (x86)\Google\Chrome\Application\52.0.2743.116\chrome_child.dll
[0901/091258:ERROR:process_reader_win.cc(233)] ReadMemory at 0x535a0000 of 64 bytes failed: Only part of a ReadProcessMemory or WriteProcessMemory request was completed. (0x12B)
[0901/091258:WARNING:pe_image_reader.cc(281)] could not read dos header from C:\Program Files\AVAST Software\Avast\aswJsFlt.dll
[0901/091258:ERROR:process_reader_win.cc(233)] ReadMemory at 0x744f0000 of 64 bytes failed: Only part of a ReadProcessMemory or WriteProcessMemory request was completed. (0x12B)
[0901/091258:WARNING:pe_image_reader.cc(281)] could not read dos header from C:\Windows\WinSxS\x86_avast.vc140.crt_fcc99ee6193ebbca_14.0.23918.0_none_9b756b1a36307bc0\api-ms-win-crt-runtime-l1-1-0.dll
[0901/091258:ERROR:process_reader_win.cc(233)] ReadMemory at 0x744e0000 of 64 bytes failed: Only part of a ReadProcessMemory or WriteProcessMemory request was completed. (0x12B)
[0901/091258:WARNING:pe_image_reader.cc(281)] could not read dos header from C:\Windows\WinSxS\x86_avast.vc140.crt_fcc99ee6193ebbca_14.0.23918.0_none_9b756b1a36307bc0\api-ms-win-crt-string-l1-1-0.dll
[0901/091258:ERROR:process_reader_win.cc(233)] ReadMemory at 0x744c0000 of 64 bytes failed: Only part of a ReadProcessMemory or WriteProcessMemory request was completed. (0x12B)
[0901/091258:WARNING:pe_image_reader.cc(281)] could not read dos header from C:\Windows\WinSxS\x86_avast.vc140.crt_fcc99ee6193ebbca_14.0.23918.0_none_9b756b1a36307bc0\api-ms-win-crt-heap-l1-1-0.dll
[0901/091258:ERROR:process_reader_win.cc(233)] ReadMemory at 0x744d0000 of 64 bytes failed: Only part of a ReadProcessMemory or WriteProcessMemory request was completed. (0x12B)
[0901/091258:WARNING:pe_image_reader.cc(281)] could not read dos header from C:\Windows\WinSxS\x86_avast.vc140.crt_fcc99ee6193ebbca_14.0.23918.0_none_9b756b1a36307bc0\api-ms-win-crt-stdio-l1-1-0.dll
[0901/091258:ERROR:process_reader_win.cc(233)] ReadMemory at 0x744b0000 of 64 bytes failed: Only part of a ReadProcessMemory or WriteProcessMemory request was completed. (0x12B)
[0901/091258:WARNING:pe_image_reader.cc(281)] could not read dos header from C:\Windows\WinSxS\x86_avast.vc140.crt_fcc99ee6193ebbca_14.0.23918.0_none_9b756b1a36307bc0\api-ms-win-crt-convert-l1-1-0.dll
[0901/091258:ERROR:process_reader_win.cc(233)] ReadMemory at 0x534b0000 of 64 bytes failed: Only part of a ReadProcessMemory or WriteProcessMemory request was completed. (0x12B)
[0901/091258:WARNING:pe_image_reader.cc(281)] could not read dos header from C:\Windows\SYSTEM32\ucrtbase.DLL
[0901/091258:ERROR:process_reader_win.cc(233)] ReadMemory at 0x74500000 of 64 bytes failed: Only part of a ReadProcessMemory or WriteProcessMemory request was completed. (0x12B)
[0901/091258:WARNING:pe_image_reader.cc(281)] could not read dos header from C:\Windows\WinSxS\x86_avast.vc140.crt_fcc99ee6193ebbca_14.0.23918.0_none_9b756b1a36307bc0\VCRUNTIME140.dll
[0901/091258:ERROR:process_reader_win.cc(233)] ReadMemory at 0x74430000 of 64 bytes failed: Only part of a ReadProcessMemory or WriteProcessMemory request was completed. (0x12B)
[0901/091258:WARNING:pe_image_reader.cc(281)] could not read dos header from C:\PROGRA~1\AVASTS~1\Avast\aswCmnIS.dll
[0901/091258:ERROR:process_reader_win.cc(233)] ReadMemory at 0x74490000 of 64 bytes failed: Only part of a ReadProcessMemory or WriteProcessMemory request was completed. (0x12B)
[0901/091258:WARNING:pe_image_reader.cc(281)] could not read dos header from C:\Windows\WinSxS\x86_avast.vc140.crt_fcc99ee6193ebbca_14.0.23918.0_none_9b756b1a36307bc0\api-ms-win-crt-locale-l1-1-0.dll
[0901/091258:ERROR:process_reader_win.cc(233)] ReadMemory at 0x744a0000 of 64 bytes failed: Only part of a ReadProcessMemory or WriteProcessMemory request was completed. (0x12B)
[0901/091258:WARNING:pe_image_reader.cc(281)] could not read dos header from C:\Windows\WinSxS\x86_avast.vc140.crt_fcc99ee6193ebbca_14.0.23918.0_none_9b756b1a36307bc0\api-ms-win-crt-math-l1-1-0.dll
[0901/091258:ERROR:process_reader_win.cc(233)] ReadMemory at 0x743e0000 of 64 bytes failed: Only part of a ReadProcessMemory or WriteProcessMemory request was completed. (0x12B)
[0901/091258:WARNING:pe_image_reader.cc(281)] could not read dos header from C:\Windows\WinSxS\x86_avast.vc140.crt_fcc99ee6193ebbca_14.0.23918.0_none_9b756b1a36307bc0\api-ms-win-crt-multibyte-l1-1-0.dll
[0901/091258:ERROR:process_reader_win.cc(233)] ReadMemory at 0x742d0000 of 64 bytes failed: Only part of a ReadProcessMemory or WriteProcessMemory request was completed. (0x12B)
[0901/091258:WARNING:pe_image_reader.cc(281)] could not read dos header from C:\Windows\WinSxS\x86_avast.vc140.crt_fcc99ee6193ebbca_14.0.23918.0_none_9b756b1a36307bc0\api-ms-win-crt-time-l1-1-0.dll
[0901/091258:ERROR:process_reader_win.cc(233)] ReadMemory at 0x743d0000 of 64 bytes failed: Only part of a ReadProcessMemory or WriteProcessMemory request was completed. (0x12B)
[0901/091258:WARNING:pe_image_reader.cc(281)] could not read dos header from C:\Windows\WinSxS\x86_avast.vc140.crt_fcc99ee6193ebbca_14.0.23918.0_none_9b756b1a36307bc0\api-ms-win-crt-filesystem-l1-1-0.dll
[0901/091258:ERROR:process_reader_win.cc(233)] ReadMemory at 0x742c0000 of 64 bytes failed: Only part of a ReadProcessMemory or WriteProcessMemory request was completed. (0x12B)
[0901/091258:WARNING:pe_image_reader.cc(281)] could not read dos header from C:\Windows\WinSxS\x86_avast.vc140.crt_fcc99ee6193ebbca_14.0.23918.0_none_9b756b1a36307bc0\api-ms-win-crt-environment-l1-1-0.dll
[0901/091258:ERROR:process_reader_win.cc(233)] ReadMemory at 0x743f0000 of 64 bytes failed: Only part of a ReadProcessMemory or WriteProcessMemory request was completed. (0x12B)
[0901/091258:WARNING:pe_image_reader.cc(281)] could not read dos header from C:\Windows\WinSxS\x86_avast.vc140.crt_fcc99ee6193ebbca_14.0.23918.0_none_9b756b1a36307bc0\api-ms-win-crt-utility-l1-1-0.dll
[0901/091258:ERROR:process_reader_win.cc(233)] ReadMemory at 0x74520000 of 64 bytes failed: Only part of a ReadProcessMemory or WriteProcessMemory request was completed. (0x12B)
[0901/091258:WARNING:pe_image_reader.cc(281)] could not read dos header from C:\Windows\WinSxS\x86_avast.vc140.crt_fcc99ee6193ebbca_14.0.23918.0_none_9b756b1a36307bc0\MSVCP140.dll
[0901/091258:ERROR:process_reader_win.cc(233)] ReadMemory at 0x74400000 of 64 bytes failed: Only part of a ReadProcessMemory or WriteProcessMemory request was completed. (0x12B)
[0901/091258:WARNING:pe_image_reader.cc(281)] could not read dos header from C:\PROGRA~1\AVASTS~1\Avast\aswCmnOS.dll
[0901/091258:ERROR:process_reader_win.cc(233)] ReadMemory at 0x746c0000 of 64 bytes failed: Only part of a ReadProcessMemory or WriteProcessMemory request was completed. (0x12B)
[0901/091258:WARNING:pe_image_reader.cc(281)] could not read dos header from C:\PROGRA~1\AVASTS~1\Avast\aswCmnBS.dll
[0901/091258:ERROR:process_reader_win.cc(233)] ReadMemory at 0x72dc0000 of 64 bytes failed: Only part of a ReadProcessMemory or WriteProcessMemory request was completed. (0x12B)
[0901/091258:WARNING:pe_image_reader.cc(281)] could not read dos header from C:\Windows\SYSTEM32\netutils.dll
[0901/091258:ERROR:process_reader_win.cc(233)] ReadMemory at 0x72da0000 of 64 bytes failed: Only part of a ReadProcessMemory or WriteProcessMemory request was completed. (0x12B)
[0901/091258:WARNING:pe_image_reader.cc(281)] could not read dos header from C:\Windows\SYSTEM32\srvcli.dll
[0901/091258:ERROR:process_reader_win.cc(233)] ReadMemory at 0x72d80000 of 64 bytes failed: Only part of a ReadProcessMemory or WriteProcessMemory request was completed. (0x12B)
[0901/091258:WARNING:pe_image_reader.cc(281)] could not read dos header from C:\Windows\SYSTEM32\wkscli.dll
[0901/091258:ERROR:process_reader_win.cc(233)] ReadMemory at 0x72eb0000 of 64 bytes failed: Only part of a ReadProcessMemory or WriteProcessMemory request was completed. (0x12B)
[0901/091258:WARNING:pe_image_reader.cc(281)] could not read dos header from C:\Windows\SYSTEM32\NETAPI32.dll
[0901/091258:ERROR:process_reader_win.cc(233)] ReadMemory at 0x746a0000 of 64 bytes failed: Only part of a ReadProcessMemory or WriteProcessMemory request was completed. (0x12B)
[0901/091258:WARNING:pe_image_reader.cc(281)] could not read dos header from C:\PROGRA~1\AVASTS~1\Avast\log.dll
[0901/091258:ERROR:process_reader_win.cc(233)] ReadMemory at 0x73e50000 of 64 bytes failed: Only part of a ReadProcessMemory or WriteProcessMemory request was completed. (0x12B)
[0901/091258:WARNING:pe_image_reader.cc(281)] could not read dos header from C:\Windows\SYSTEM32\DNSAPI.dll
[0901/091258:ERROR:process_reader_win.cc(233)] ReadMemory at 0x74320000 of 64 bytes failed: Only part of a ReadProcessMemory or WriteProcessMemory request was completed. (0x12B)
[0901/091258:WARNING:pe_image_reader.cc(281)] could not read dos header from C:\PROGRA~1\AVASTS~1\Avast\commchannel.dll
[0901/091258:ERROR:process_reader_win.cc(233)] ReadMemory at 0x73550000 of 64 bytes failed: Only part of a ReadProcessMemory or WriteProcessMemory request was completed. (0x12B)
[0901/091258:WARNING:pe_image_reader.cc(281)] could not read dos header from C:\PROGRA~1\AVASTS~1\Avast\JsonRpcServer.dll
[0901/091258:ERROR:process_reader_win.cc(233)] ReadMemory at 0x74300000 of 64 bytes failed: Only part of a ReadProcessMemory or WriteProcessMemory request was completed. (0x12B)
[0901/091258:WARNING:pe_image_reader.cc(281)] could not read dos header from C:\PROGRA~1\AVASTS~1\Avast\avastIP.dll
[0901/091258:ERROR:process_reader_win.cc(233)] ReadMemory at 0x742e0000 of 64 bytes failed: Only part of a ReadProcessMemory or WriteProcessMemory request was completed. (0x12B)
[0901/091258:WARNING:pe_image_reader.cc(281)] could not read dos header from C:\PROGRA~1\AVASTS~1\Avast\aswEngLdr.dll
[0901/091258:ERROR:process_reader_win.cc(233)] ReadMemory at 0x72e60000 of 64 bytes failed: Only part of a ReadProcessMemory or WriteProcessMemory request was completed. (0x12B)
[0901/091258:WARNING:pe_image_reader.cc(281)] could not read dos header from C:\PROGRA~1\AVASTS~1\Avast\AavmRpch.dll
[0901/091258:ERROR:process_reader_win.cc(233)] ReadMemory at 0x743c0000 of 64 bytes failed: Only part of a ReadProcessMemory or WriteProcessMemory request was completed. (0x12B)
[0901/091258:WARNING:pe_image_reader.cc(281)] could not read dos header from C:\Windows\SYSTEM32\WSOCK32.dll
[0901/091258:ERROR:process_reader_win.cc(233)] ReadMemory at 0x76970000 of 64 bytes failed: Only part of a ReadProcessMemory or WriteProcessMemory request was completed. (0x12B)
[0901/091258:WARNING:pe_image_reader.cc(281)] could not read dos header from C:\Windows\SYSTEM32\SETUPAPI.dll
[0901/091258:ERROR:process_reader_win.cc(233)] ReadMemory at 0x73bf0000 of 64 bytes failed: Only part of a ReadProcessMemory or WriteProcessMemory request was completed. (0x12B)
[0901/091258:WARNING:pe_image_reader.cc(281)] could not read dos header from C:\Windows\SYSTEM32\iertutil.dll
[0901/091258:ERROR:process_reader_win.cc(233)] ReadMemory at 0x74060000 of 64 bytes failed: Only part of a ReadProcessMemory or WriteProcessMemory request was completed. (0x12B)
[0901/091258:WARNING:pe_image_reader.cc(281)] could not read dos header from C:\Windows\SYSTEM32\WININET.dll
[0901/091258:ERROR:process_reader_win.cc(233)] ReadMemory at 0x74590000 of 64 bytes failed: Only part of a ReadProcessMemory or WriteProcessMemory request was completed. (0x12B)
[0901/091258:WARNING:pe_image_reader.cc(281)] could not read dos header from C:\PROGRA~1\AVASTS~1\Avast\ashBase.dll
[0901/091258:ERROR:process_reader_win.cc(233)] ReadMemory at 0x72ed0000 of 64 bytes failed: Only part of a ReadProcessMemory or WriteProcessMemory request was completed. (0x12B)
[0901/091258:WARNING:pe_image_reader.cc(281)] could not read dos header from C:\PROGRA~1\AVASTS~1\Avast\aswAux.dll
[0901/091258:ERROR:process_reader_win.cc(233)] ReadMemory at 0x73050000 of 64 bytes failed: Only part of a ReadProcessMemory or WriteProcessMemory request was completed. (0x12B)
[0901/091258:WARNING:pe_image_reader.cc(281)] could not read dos header from C:\PROGRA~1\AVASTS~1\Avast\ashTask.dll
[0901/091258:ERROR:process_reader_win.cc(233)] ReadMemory at 0x73170000 of 64 bytes failed: Only part of a ReadProcessMemory or WriteProcessMemory request was completed. (0x12B)
[0901/091258:WARNING:pe_image_reader.cc(281)] could not read dos header from C:\PROGRA~1\AVASTS~1\Avast\Aavm4h.dll
[0901/091258:ERROR:process_reader_win.cc(233)] ReadMemory at 0x6c750000 of 64 bytes failed: Only part of a ReadProcessMemory or WriteProcessMemory request was completed. (0x12B)
[0901/091258:WARNING:pe_image_reader.cc(281)] could not read dos header from C:\Windows\SYSTEM32\dwrite.dll
[0901/091258:ERROR:process_reader_win.cc(99)] process 6488 not found
[0901/091258:ERROR:process_reader_win.cc(233)] ReadMemory at 0x10b0000 of 64 bytes failed: Only part of a ReadProcessMemory or WriteProcessMemory request was completed. (0x12B)
[0901/091258:WARNING:pe_image_reader.cc(281)] could not read dos header from C:\Program Files (x86)\Google\Chrome\Application\chrome.exe
[0901/091258:ERROR:process_reader_win.cc(233)] ReadMemory at 0x76fa0000 of 64 bytes failed: Only part of a ReadProcessMemory or WriteProcessMemory request was completed. (0x12B)
[0901/091258:WARNING:pe_image_reader.cc(281)] could not read dos header from C:\Windows\SYSTEM32\ntdll.dll
[0901/091258:ERROR:process_reader_win.cc(233)] ReadMemory at 0x76890000 of 64 bytes failed: Only part of a ReadProcessMemory or WriteProcessMemory request was completed. (0x12B)
[0901/091258:WARNING:pe_image_reader.cc(281)] could not read dos header from C:\Windows\SYSTEM32\KERNELBASE.dll
[0901/091258:ERROR:process_reader_win.cc(233)] ReadMemory at 0x765b0000 of 64 bytes failed: Only part of a ReadProcessMemory or WriteProcessMemory request was completed. (0x12B)
[0901/091258:WARNING:pe_image_reader.cc(281)] could not read dos header from C:\Windows\SYSTEM32\KERNEL32.dll
[0901/091258:ERROR:process_reader_win.cc(233)] ReadMemory at 0x75c80000 of 64 bytes failed: Only part of a ReadProcessMemory or WriteProcessMemory request was completed. (0x12B)
[0901/091258:WARNING:pe_image_reader.cc(281)] could not read dos header from C:\Windows\SYSTEM32\msvcrt.dll
[0901/091258:ERROR:process_reader_win.cc(233)] ReadMemory at 0x74720000 of 64 bytes failed: Only part of a ReadProcessMemory or WriteProcessMemory request was completed. (0x12B)
[0901/091258:WARNING:pe_image_reader.cc(281)] could not read dos header from C:\Windows\SYSTEM32\bcryptPrimitives.dll
[0901/091258:ERROR:process_reader_win.cc(233)] ReadMemory at 0x74780000 of 64 bytes failed: Only part of a ReadProcessMemory or WriteProcessMemory request was completed. (0x12B)
[0901/091258:WARNING:pe_image_reader.cc(281)] could not read dos header from C:\Windows\SYSTEM32\CRYPTBASE.dll
[0901/091258:ERROR:process_reader_win.cc(233)] ReadMemory at 0x76420000 of 64 bytes failed: Only part of a ReadProcessMemory or WriteProcessMemory request was completed. (0x12B)
[0901/091258:WARNING:pe_image_reader.cc(281)] could not read dos header from C:\Windows\SYSTEM32\SspiCli.dll
[0901/091258:ERROR:process_reader_win.cc(233)] ReadMemory at 0x76d20000 of 64 bytes failed: Only part of a ReadProcessMemory or WriteProcessMemory request was completed. (0x12B)
[0901/091258:WARNING:pe_image_reader.cc(281)] could not read dos header from C:\Windows\SYSTEM32\RPCRT4.dll
[0901/091258:ERROR:process_reader_win.cc(233)] ReadMemory at 0x74790000 of 64 bytes failed: Only part of a ReadProcessMemory or WriteProcessMemory request was completed. (0x12B)
[0901/091258:WARNING:pe_image_reader.cc(281)] could not read dos header from C:\Windows\SYSTEM32\sechost.dll
[0901/091258:ERROR:process_reader_win.cc(233)] ReadMemory at 0x76e30000 of 64 bytes failed: Only part of a ReadProcessMemory or WriteProcessMemory request was completed. (0x12B)
[0901/091258:WARNING:pe_image_reader.cc(281)] could not read dos header from C:\Windows\SYSTEM32\ADVAPI32.dll
[0901/091258:ERROR:process_reader_win.cc(233)] ReadMemory at 0x55a30000 of 64 bytes failed: Only part of a ReadProcessMemory or WriteProcessMemory request was completed. (0x12B)
[0901/091258:WARNING:pe_image_reader.cc(281)] could not read dos header from C:\Program Files (x86)\Google\Chrome\Application\52.0.2743.116\chrome_elf.dll
[0901/091258:ERROR:process_reader_win.cc(233)] ReadMemory at 0x742b0000 of 64 bytes failed: Only part of a ReadProcessMemory or WriteProcessMemory request was completed. (0x12B)
[0901/091258:WARNING:pe_image_reader.cc(281)] could not read dos header from C:\Windows\SYSTEM32\VERSION.dll
[0901/091258:ERROR:process_reader_win.cc(233)] ReadMemory at 0x76df0000 of 64 bytes failed: Only part of a ReadProcessMemory or WriteProcessMemory request was completed. (0x12B)
[0901/091258:WARNING:pe_image_reader.cc(281)] could not read dos header from C:\Windows\SYSTEM32\cfgmgr32.dll
[0901/091258:ERROR:process_reader_win.cc(233)] ReadMemory at 0x6e7c0000 of 64 bytes failed: Only part of a ReadProcessMemory or WriteProcessMemory request was completed. (0x12B)
[0901/091258:WARNING:pe_image_reader.cc(281)] could not read dos header from C:\Windows\SYSTEM32\DEVOBJ.dll
[0901/091258:ERROR:process_reader_win.cc(233)] ReadMemory at 0x6e8e0000 of 64 bytes failed: Only part of a ReadProcessMemory or WriteProcessMemory request was completed. (0x12B)
[0901/091258:WARNING:pe_image_reader.cc(281)] could not read dos header from C:\Windows\SYSTEM32\WINMMBASE.dll
[0901/091258:ERROR:process_reader_win.cc(233)] ReadMemory at 0x766f0000 of 64 bytes failed: Only part of a ReadProcessMemory or WriteProcessMemory request was completed. (0x12B)
[0901/091258:WARNING:pe_image_reader.cc(281)] could not read dos header from C:\Windows\SYSTEM32\GDI32.dll
[0901/091258:ERROR:process_reader_win.cc(233)] ReadMemory at 0x76100000 of 64 bytes failed: Only part of a ReadProcessMemory or WriteProcessMemory request was completed. (0x12B)
[0901/091258:WARNING:pe_image_reader.cc(281)] could not read dos header from C:\Windows\SYSTEM32\USER32.dll
[0901/091258:ERROR:process_reader_win.cc(233)] ReadMemory at 0x75e00000 of 64 bytes failed: Only part of a ReadProcessMemory or WriteProcessMemory request was completed. (0x12B)
[0901/091258:WARNING:pe_image_reader.cc(281)] could not read dos header from C:\Windows\SYSTEM32\MSCTF.dll
[0901/091258:ERROR:process_reader_win.cc(233)] ReadMemory at 0x76b30000 of 64 bytes failed: Only part of a ReadProcessMemory or WriteProcessMemory request was completed. (0x12B)
[0901/091258:WARNING:pe_image_reader.cc(281)] could not read dos header from C:\Windows\system32\IMM32.DLL
[0901/091258:ERROR:process_reader_win.cc(233)] ReadMemory at 0x6e920000 of 64 bytes failed: Only part of a ReadProcessMemory or WriteProcessMemory request was completed. (0x12B)
[0901/091258:WARNING:pe_image_reader.cc(281)] could not read dos header from C:\Windows\SYSTEM32\WINMM.dll
[0901/091258:ERROR:process_reader_win.cc(233)] ReadMemory at 0x73bb0000 of 64 bytes failed: Only part of a ReadProcessMemory or WriteProcessMemory request was completed. (0x12B)
[0901/091258:WARNING:pe_image_reader.cc(281)] could not read dos header from C:\Windows\SYSTEM32\profapi.dll
[0901/091258:ERROR:process_reader_win.cc(233)] ReadMemory at 0x73bd0000 of 64 bytes failed: Only part of a ReadProcessMemory or WriteProcessMemory request was completed. (0x12B)
[0901/091258:WARNING:pe_image_reader.cc(281)] could not read dos header from C:\Windows\SYSTEM32\USERENV.dll
[0901/091258:ERROR:process_reader_win.cc(233)] ReadMemory at 0x73970000 of 64 bytes failed: Only part of a ReadProcessMemory or WriteProcessMemory request was completed. (0x12B)
[0901/091258:WARNING:pe_image_reader.cc(281)] could not read dos header from C:\Windows\SYSTEM32\WTSAPI32.dll
[0901/091258:ERROR:process_reader_win.cc(233)] ReadMemory at 0x76ba0000 of 64 bytes failed: Only part of a ReadProcessMemory or WriteProcessMemory request was completed. (0x12B)
[0901/091258:WARNING:pe_image_reader.cc(281)] could not read dos header from C:\Windows\SYSTEM32\combase.dll
[0901/091258:ERROR:process_reader_win.cc(233)] ReadMemory at 0x73ed0000 of 64 bytes failed: Only part of a ReadProcessMemory or WriteProcessMemory request was completed. (0x12B)
[0901/091258:WARNING:pe_image_reader.cc(281)] could not read dos header from C:\Windows\SYSTEM32\WINHTTP.dll
[0901/091258:ERROR:process_reader_win.cc(233)] ReadMemory at 0x75c30000 of 64 bytes failed: Only part of a ReadProcessMemory or WriteProcessMemory request was completed. (0x12B)
[0901/091258:WARNING:pe_image_reader.cc(281)] could not read dos header from C:\Windows\SYSTEM32\SHLWAPI.dll
[0901/091258:ERROR:process_reader_win.cc(233)] ReadMemory at 0x747e0000 of 64 bytes failed: Only part of a ReadProcessMemory or WriteProcessMemory request was completed. (0x12B)
[0901/091258:WARNING:pe_image_reader.cc(281)] could not read dos header from C:\Windows\SYSTEM32\SHELL32.dll
[0901/091258:ERROR:process_reader_win.cc(233)] ReadMemory at 0x739f0000 of 64 bytes failed: Only part of a ReadProcessMemory or WriteProcessMemory request was completed. (0x12B)
[0901/091258:WARNING:pe_image_reader.cc(281)] could not read dos header from C:\Windows\SYSTEM32\shcore.dll
[0901/091258:ERROR:process_reader_win.cc(233)] ReadMemory at 0x76400000 of 64 bytes failed: Only part of a ReadProcessMemory or WriteProcessMemory request was completed. (0x12B)
[0901/091258:WARNING:pe_image_reader.cc(281)] could not read dos header from C:\Windows\SYSTEM32\PSAPI.DLL
[0901/091258:ERROR:process_reader_win.cc(233)] ReadMemory at 0x6ded0000 of 64 bytes failed: Only part of a ReadProcessMemory or WriteProcessMemory request was completed. (0x12B)
[0901/091258:WARNING:pe_image_reader.cc(281)] could not read dos header from C:\Windows\SYSTEM32\WINSPOOL.DRV
[0901/091258:ERROR:process_reader_win.cc(233)] ReadMemory at 0x71ad0000 of 64 bytes failed: Only part of a ReadProcessMemory or WriteProcessMemory request was completed. (0x12B)
[0901/091258:WARNING:pe_image_reader.cc(281)] could not read dos header from C:\Windows\WinSxS\x86_microsoft.windows.common-controls_6595b64144ccf1df_6.0.9600.18006_none_a9ec6aab013aafee\COMCTL32.dll
[0901/091258:ERROR:process_reader_win.cc(233)] ReadMemory at 0x75d60000 of 64 bytes failed: Only part of a ReadProcessMemory or WriteProcessMemory request was completed. (0x12B)
[0901/091258:WARNING:pe_image_reader.cc(281)] could not read dos header from C:\Windows\SYSTEM32\COMDLG32.dll
[0901/091258:ERROR:process_reader_win.cc(233)] ReadMemory at 0x75fd0000 of 64 bytes failed: Only part of a ReadProcessMemory or WriteProcessMemory request was completed. (0x12B)
[0901/091258:WARNING:pe_image_reader.cc(281)] could not read dos header from C:\Windows\SYSTEM32\ole32.dll
[0901/091258:ERROR:process_reader_win.cc(233)] ReadMemory at 0x76360000 of 64 bytes failed: Only part of a ReadProcessMemory or WriteProcessMemory request was completed. (0x12B)
[0901/091258:WARNING:pe_image_reader.cc(281)] could not read dos header from C:\Windows\SYSTEM32\OLEAUT32.dll
[0901/091258:ERROR:process_reader_win.cc(233)] ReadMemory at 0x75d50000 of 64 bytes failed: Only part of a ReadProcessMemory or WriteProcessMemory request was completed. (0x12B)
[0901/091258:WARNING:pe_image_reader.cc(281)] could not read dos header from C:\Windows\SYSTEM32\NSI.dll
[0901/091258:ERROR:process_reader_win.cc(233)] ReadMemory at 0x73bc0000 of 64 bytes failed: Only part of a ReadProcessMemory or WriteProcessMemory request was completed. (0x12B)
[0901/091258:WARNING:pe_image_reader.cc(281)] could not read dos header from C:\Windows\SYSTEM32\WINNSI.DLL
[0901/091258:ERROR:process_reader_win.cc(233)] ReadMemory at 0x73e30000 of 64 bytes failed: Only part of a ReadProcessMemory or WriteProcessMemory request was completed. (0x12B)
[0901/091258:WARNING:pe_image_reader.cc(281)] could not read dos header from C:\Windows\SYSTEM32\IPHLPAPI.DLL
[0901/091258:ERROR:process_reader_win.cc(233)] ReadMemory at 0x75f20000 of 64 bytes failed: Only part of a ReadProcessMemory or WriteProcessMemory request was completed. (0x12B)
[0901/091258:WARNING:pe_image_reader.cc(281)] could not read dos header from C:\Windows\SYSTEM32\WS2_32.dll
[0901/091258:ERROR:process_reader_win.cc(233)] ReadMemory at 0x6b930000 of 64 bytes failed: Only part of a ReadProcessMemory or WriteProcessMemory request was completed. (0x12B)
[0901/091258:WARNING:pe_image_reader.cc(281)] could not read dos header from C:\Windows\SYSTEM32\USP10.dll
[0901/091258:ERROR:process_reader_win.cc(233)] ReadMemory at 0x76350000 of 64 bytes failed: Only part of a ReadProcessMemory or WriteProcessMemory request was completed. (0x12B)
[0901/091258:WARNING:pe_image_reader.cc(281)] could not read dos header from C:\Windows\SYSTEM32\MSASN1.dll
[0901/091258:ERROR:process_reader_win.cc(233)] ReadMemory at 0x75aa0000 of 64 bytes failed: Only part of a ReadProcessMemory or WriteProcessMemory request was completed. (0x12B)
[0901/091258:WARNING:pe_image_reader.cc(281)] could not read dos header from C:\Windows\SYSTEM32\CRYPT32.dll
[0901/091258:ERROR:process_reader_win.cc(233)] ReadMemory at 0x76b60000 of 64 bytes failed: Only part of a ReadProcessMemory or WriteProcessMemory request was completed. (0x12B)
[0901/091258:WARNING:pe_image_reader.cc(281)] could not read dos header from C:\Windows\SYSTEM32\WINTRUST.dll
[0901/091258:ERROR:process_reader_win.cc(233)] ReadMemory at 0x72ba0000 of 64 bytes failed: Only part of a ReadProcessMemory or WriteProcessMemory request was completed. (0x12B)
[0901/091258:WARNING:pe_image_reader.cc(281)] could not read dos header from C:\Windows\SYSTEM32\Secur32.dll
[0901/091258:ERROR:process_reader_win.cc(233)] ReadMemory at 0x503e0000 of 64 bytes failed: Only part of a ReadProcessMemory or WriteProcessMemory request was completed. (0x12B)
[0901/091258:WARNING:pe_image_reader.cc(281)] could not read dos header from C:\Program Files (x86)\Google\Chrome\Application\52.0.2743.116\chrome_child.dll
[0901/091258:ERROR:process_reader_win.cc(233)] ReadMemory at 0x535a0000 of 64 bytes failed: Only part of a ReadProcessMemory or WriteProcessMemory request was completed. (0x12B)
[0901/091258:WARNING:pe_image_reader.cc(281)] could not read dos header from C:\Program Files\AVAST Software\Avast\aswJsFlt.dll
[0901/091258:ERROR:process_reader_win.cc(233)] ReadMemory at 0x744f0000 of 64 bytes failed: Only part of a ReadProcessMemory or WriteProcessMemory request was completed. (0x12B)
[0901/091258:WARNING:pe_image_reader.cc(281)] could not read dos header from C:\Windows\WinSxS\x86_avast.vc140.crt_fcc99ee6193ebbca_14.0.23918.0_none_9b756b1a36307bc0\api-ms-win-crt-runtime-l1-1-0.dll
[0901/091258:ERROR:process_reader_win.cc(233)] ReadMemory at 0x744e0000 of 64 bytes failed: Only part of a ReadProcessMemory or WriteProcessMemory request was completed. (0x12B)
[0901/091258:WARNING:pe_image_reader.cc(281)] could not read dos header from C:\Windows\WinSxS\x86_avast.vc140.crt_fcc99ee6193ebbca_14.0.23918.0_none_9b756b1a36307bc0\api-ms-win-crt-string-l1-1-0.dll
[0901/091258:ERROR:process_reader_win.cc(233)] ReadMemory at 0x744c0000 of 64 bytes failed: Only part of a ReadProcessMemory or WriteProcessMemory request was completed. (0x12B)
[0901/091258:WARNING:pe_image_reader.cc(281)] could not read dos header from C:\Windows\WinSxS\x86_avast.vc140.crt_fcc99ee6193ebbca_14.0.23918.0_none_9b756b1a36307bc0\api-ms-win-crt-heap-l1-1-0.dll
[0901/091258:ERROR:process_reader_win.cc(233)] ReadMemory at 0x744d0000 of 64 bytes failed: Only part of a ReadProcessMemory or WriteProcessMemory request was completed. (0x12B)
[0901/091258:WARNING:pe_image_reader.cc(281)] could not read dos header from C:\Windows\WinSxS\x86_avast.vc140.crt_fcc99ee6193ebbca_14.0.23918.0_none_9b756b1a36307bc0\api-ms-win-crt-stdio-l1-1-0.dll
[0901/091258:ERROR:process_reader_win.cc(233)] ReadMemory at 0x744b0000 of 64 bytes failed: Only part of a ReadProcessMemory or WriteProcessMemory request was completed. (0x12B)
[0901/091258:WARNING:pe_image_reader.cc(281)] could not read dos header from C:\Windows\WinSxS\x86_avast.vc140.crt_fcc99ee6193ebbca_14.0.23918.0_none_9b756b1a36307bc0\api-ms-win-crt-convert-l1-1-0.dll
[0901/091258:ERROR:process_reader_win.cc(233)] ReadMemory at 0x534b0000 of 64 bytes failed: Only part of a ReadProcessMemory or WriteProcessMemory request was completed. (0x12B)
[0901/091258:WARNING:pe_image_reader.cc(281)] could not read dos header from C:\Windows\SYSTEM32\ucrtbase.DLL
[0901/091258:ERROR:process_reader_win.cc(233)] ReadMemory at 0x74500000 of 64 bytes failed: Only part of a ReadProcessMemory or WriteProcessMemory request was completed. (0x12B)
[0901/091258:WARNING:pe_image_reader.cc(281)] could not read dos header from C:\Windows\WinSxS\x86_avast.vc140.crt_fcc99ee6193ebbca_14.0.23918.0_none_9b756b1a36307bc0\VCRUNTIME140.dll
[0901/091258:ERROR:process_reader_win.cc(233)] ReadMemory at 0x74430000 of 64 bytes failed: Only part of a ReadProcessMemory or WriteProcessMemory request was completed. (0x12B)
[0901/091258:WARNING:pe_image_reader.cc(281)] could not read dos header from C:\PROGRA~1\AVASTS~1\Avast\aswCmnIS.dll
[0901/091258:ERROR:process_reader_win.cc(233)] ReadMemory at 0x74490000 of 64 bytes failed: Only part of a ReadProcessMemory or WriteProcessMemory request was completed. (0x12B)
[0901/091258:WARNING:pe_image_reader.cc(281)] could not read dos header from C:\Windows\WinSxS\x86_avast.vc140.crt_fcc99ee6193ebbca_14.0.23918.0_none_9b756b1a36307bc0\api-ms-win-crt-locale-l1-1-0.dll
[0901/091258:ERROR:process_reader_win.cc(233)] ReadMemory at 0x744a0000 of 64 bytes failed: Only part of a ReadProcessMemory or WriteProcessMemory request was completed. (0x12B)
[0901/091258:WARNING:pe_image_reader.cc(281)] could not read dos header from C:\Windows\WinSxS\x86_avast.vc140.crt_fcc99ee6193ebbca_14.0.23918.0_none_9b756b1a36307bc0\api-ms-win-crt-math-l1-1-0.dll
[0901/091258:ERROR:process_reader_win.cc(233)] ReadMemory at 0x743e0000 of 64 bytes failed: Only part of a ReadProcessMemory or WriteProcessMemory request was completed. (0x12B)
[0901/091258:WARNING:pe_image_reader.cc(281)] could not read dos header from C:\Windows\WinSxS\x86_avast.vc140.crt_fcc99ee6193ebbca_14.0.23918.0_none_9b756b1a36307bc0\api-ms-win-crt-multibyte-l1-1-0.dll
[0901/091258:ERROR:process_reader_win.cc(233)] ReadMemory at 0x742d0000 of 64 bytes failed: Only part of a ReadProcessMemory or WriteProcessMemory request was completed. (0x12B)
[0901/091258:WARNING:pe_image_reader.cc(281)] could not read dos header from C:\Windows\WinSxS\x86_avast.vc140.crt_fcc99ee6193ebbca_14.0.23918.0_none_9b756b1a36307bc0\api-ms-win-crt-time-l1-1-0.dll
[0901/091258:ERROR:process_reader_win.cc(233)] ReadMemory at 0x743d0000 of 64 bytes failed: Only part of a ReadProcessMemory or WriteProcessMemory request was completed. (0x12B)
[0901/091258:WARNING:pe_image_reader.cc(281)] could not read dos header from C:\Windows\WinSxS\x86_avast.vc140.crt_fcc99ee6193ebbca_14.0.23918.0_none_9b756b1a36307bc0\api-ms-win-crt-filesystem-l1-1-0.dll
[0901/091258:ERROR:process_reader_win.cc(233)] ReadMemory at 0x742c0000 of 64 bytes failed: Only part of a ReadProcessMemory or WriteProcessMemory request was completed. (0x12B)
[0901/091258:WARNING:pe_image_reader.cc(281)] could not read dos header from C:\Windows\WinSxS\x86_avast.vc140.crt_fcc99ee6193ebbca_14.0.23918.0_none_9b756b1a36307bc0\api-ms-win-crt-environment-l1-1-0.dll
[0901/091258:ERROR:process_reader_win.cc(233)] ReadMemory at 0x743f0000 of 64 bytes failed: Only part of a ReadProcessMemory or WriteProcessMemory request was completed. (0x12B)
[0901/091258:WARNING:pe_image_reader.cc(281)] could not read dos header from C:\Windows\WinSxS\x86_avast.vc140.crt_fcc99ee6193ebbca_14.0.23918.0_none_9b756b1a36307bc0\api-ms-win-crt-utility-l1-1-0.dll
[0901/091258:ERROR:process_reader_win.cc(233)] ReadMemory at 0x74520000 of 64 bytes failed: Only part of a ReadProcessMemory or WriteProcessMemory request was completed. (0x12B)
[0901/091258:WARNING:pe_image_reader.cc(281)] could not read dos header from C:\Windows\WinSxS\x86_avast.vc140.crt_fcc99ee6193ebbca_14.0.23918.0_none_9b756b1a36307bc0\MSVCP140.dll
[0901/091258:ERROR:process_reader_win.cc(233)] ReadMemory at 0x74400000 of 64 bytes failed: Only part of a ReadProcessMemory or WriteProcessMemory request was completed. (0x12B)
[0901/091258:WARNING:pe_image_reader.cc(281)] could not read dos header from C:\PROGRA~1\AVASTS~1\Avast\aswCmnOS.dll
[0901/091258:ERROR:process_reader_win.cc(233)] ReadMemory at 0x746c0000 of 64 bytes failed: Only part of a ReadProcessMemory or WriteProcessMemory request was completed. (0x12B)
[0901/091258:WARNING:pe_image_reader.cc(281)] could not read dos header from C:\PROGRA~1\AVASTS~1\Avast\aswCmnBS.dll
[0901/091258:ERROR:process_reader_win.cc(233)] ReadMemory at 0x72dc0000 of 64 bytes failed: Only part of a ReadProcessMemory or WriteProcessMemory request was completed. (0x12B)
[0901/091258:WARNING:pe_image_reader.cc(281)] could not read dos header from C:\Windows\SYSTEM32\netutils.dll
[0901/091258:ERROR:process_reader_win.cc(233)] ReadMemory at 0x72da0000 of 64 bytes failed: Only part of a ReadProcessMemory or WriteProcessMemory request was completed. (0x12B)
[0901/091258:WARNING:pe_image_reader.cc(281)] could not read dos header from C:\Windows\SYSTEM32\srvcli.dll
[0901/091258:ERROR:process_reader_win.cc(233)] ReadMemory at 0x72d80000 of 64 bytes failed: Only part of a ReadProcessMemory or WriteProcessMemory request was completed. (0x12B)
[0901/091258:WARNING:pe_image_reader.cc(281)] could not read dos header from C:\Windows\SYSTEM32\wkscli.dll
[0901/091258:ERROR:process_reader_win.cc(233)] ReadMemory at 0x72eb0000 of 64 bytes failed: Only part of a ReadProcessMemory or WriteProcessMemory request was completed. (0x12B)
[0901/091258:WARNING:pe_image_reader.cc(281)] could not read dos header from C:\Windows\SYSTEM32\NETAPI32.dll
[0901/091258:ERROR:process_reader_win.cc(233)] ReadMemory at 0x746a0000 of 64 bytes failed: Only part of a ReadProcessMemory or WriteProcessMemory request was completed. (0x12B)
[0901/091258:WARNING:pe_image_reader.cc(281)] could not read dos header from C:\PROGRA~1\AVASTS~1\Avast\log.dll
[0901/091258:ERROR:process_reader_win.cc(233)] ReadMemory at 0x73e50000 of 64 bytes failed: Only part of a ReadProcessMemory or WriteProcessMemory request was completed. (0x12B)
[0901/091258:WARNING:pe_image_reader.cc(281)] could not read dos header from C:\Windows\SYSTEM32\DNSAPI.dll
[0901/091258:ERROR:process_reader_win.cc(233)] ReadMemory at 0x74320000 of 64 bytes failed: Only part of a ReadProcessMemory or WriteProcessMemory request was completed. (0x12B)
[0901/091258:WARNING:pe_image_reader.cc(281)] could not read dos header from C:\PROGRA~1\AVASTS~1\Avast\commchannel.dll
[0901/091258:ERROR:process_reader_win.cc(233)] ReadMemory at 0x73550000 of 64 bytes failed: Only part of a ReadProcessMemory or WriteProcessMemory request was completed. (0x12B)
[0901/091258:WARNING:pe_image_reader.cc(281)] could not read dos header from C:\PROGRA~1\AVASTS~1\Avast\JsonRpcServer.dll
[0901/091258:ERROR:process_reader_win.cc(233)] ReadMemory at 0x74300000 of 64 bytes failed: Only part of a ReadProcessMemory or WriteProcessMemory request was completed. (0x12B)
[0901/091258:WARNING:pe_image_reader.cc(281)] could not read dos header from C:\PROGRA~1\AVASTS~1\Avast\avastIP.dll
[0901/091258:ERROR:process_reader_win.cc(233)] ReadMemory at 0x742e0000 of 64 bytes failed: Only part of a ReadProcessMemory or WriteProcessMemory request was completed. (0x12B)
[0901/091258:WARNING:pe_image_reader.cc(281)] could not read dos header from C:\PROGRA~1\AVASTS~1\Avast\aswEngLdr.dll
[0901/091258:ERROR:process_reader_win.cc(233)] ReadMemory at 0x72e60000 of 64 bytes failed: Only part of a ReadProcessMemory or WriteProcessMemory request was completed. (0x12B)
[0901/091258:WARNING:pe_image_reader.cc(281)] could not read dos header from C:\PROGRA~1\AVASTS~1\Avast\AavmRpch.dll
[0901/091258:ERROR:process_reader_win.cc(233)] ReadMemory at 0x743c0000 of 64 bytes failed: Only part of a ReadProcessMemory or WriteProcessMemory request was completed. (0x12B)
[0901/091258:WARNING:pe_image_reader.cc(281)] could not read dos header from C:\Windows\SYSTEM32\WSOCK32.dll
[0901/091258:ERROR:process_reader_win.cc(233)] ReadMemory at 0x76970000 of 64 bytes failed: Only part of a ReadProcessMemory or WriteProcessMemory request was completed. (0x12B)
[0901/091258:WARNING:pe_image_reader.cc(281)] could not read dos header from C:\Windows\SYSTEM32\SETUPAPI.dll
[0901/091258:ERROR:process_reader_win.cc(233)] ReadMemory at 0x73bf0000 of 64 bytes failed: Only part of a ReadProcessMemory or WriteProcessMemory request was completed. (0x12B)
[0901/091258:WARNING:pe_image_reader.cc(281)] could not read dos header from C:\Windows\SYSTEM32\iertutil.dll
[0901/091258:ERROR:process_reader_win.cc(233)] ReadMemory at 0x74060000 of 64 bytes failed: Only part of a ReadProcessMemory or WriteProcessMemory request was completed. (0x12B)
[0901/091258:WARNING:pe_image_reader.cc(281)] could not read dos header from C:\Windows\SYSTEM32\WININET.dll
[0901/091258:ERROR:process_reader_win.cc(233)] ReadMemory at 0x74590000 of 64 bytes failed: Only part of a ReadProcessMemory or WriteProcessMemory request was completed. (0x12B)
[0901/091258:WARNING:pe_image_reader.cc(281)] could not read dos header from C:\PROGRA~1\AVASTS~1\Avast\ashBase.dll
[0901/091258:ERROR:process_reader_win.cc(233)] ReadMemory at 0x72ed0000 of 64 bytes failed: Only part of a ReadProcessMemory or WriteProcessMemory request was completed. (0x12B)
[0901/091258:WARNING:pe_image_reader.cc(281)] could not read dos header from C:\PROGRA~1\AVASTS~1\Avast\aswAux.dll
[0901/091258:ERROR:process_reader_win.cc(233)] ReadMemory at 0x73050000 of 64 bytes failed: Only part of a ReadProcessMemory or WriteProcessMemory request was completed. (0x12B)
[0901/091258:WARNING:pe_image_reader.cc(281)] could not read dos header from C:\PROGRA~1\AVASTS~1\Avast\ashTask.dll
[0901/091258:ERROR:process_reader_win.cc(233)] ReadMemory at 0x73170000 of 64 bytes failed: Only part of a ReadProcessMemory or WriteProcessMemory request was completed. (0x12B)
[0901/091258:WARNING:pe_image_reader.cc(281)] could not read dos header from C:\PROGRA~1\AVASTS~1\Avast\Aavm4h.dll
[0901/091258:ERROR:process_reader_win.cc(233)] ReadMemory at 0x6c750000 of 64 bytes failed: Only part of a ReadProcessMemory or WriteProcessMemory request was completed. (0x12B)
[0901/091258:WARNING:pe_image_reader.cc(281)] could not read dos header from C:\Windows\SYSTEM32\dwrite.dll
[0901/091258:ERROR:process_reader_win.cc(233)] ReadMemory at 0x116fbb4 of 12 bytes failed: Only part of a ReadProcessMemory or WriteProcessMemory request was completed. (0x12B)
[0901/091258:WARNING:process_snapshot_win.cc(104)] ReadMemory ExceptionInformation failed
[0901/091258:WARNING:crash_report_exception_handler.cc(60)] ProcessSnapshotWin::InitializeException failed
[0901/091258:ERROR:scoped_process_suspend.cc(38)] NtResumeProcess, ntstatus=-1073741558
